<?xml version="1.0" encoding="UTF-8"?>
<testng-results ignored="0" total="2" passed="2" failed="0" skipped="0">
  <reporter-output>
  </reporter-output>
  <suite started-at="2023-03-20T11:22:18 IST" name="Default suite" finished-at="2023-03-20T11:22:58 IST" duration-ms="40411">
    <groups>
    </groups>
    <test started-at="2023-03-20T11:22:18 IST" name="Default test" finished-at="2023-03-20T11:22:58 IST" duration-ms="40411">
      <class name="eagle.guru">
        <test-method is-config="true" signature="bt()[pri:0, instance:eagle.guru@316bcf94]" started-at="2023-03-20T11:22:18 IST" name="bt" finished-at="2023-03-20T11:22:33 IST" duration-ms="15427" status="PASS">
          <reporter-output>
          </reporter-output>
        </test-method> <!-- bt -->
        <test-method signature="login()[pri:0, instance:eagle.guru@316bcf94]" started-at="2023-03-20T11:22:33 IST" name="login" finished-at="2023-03-20T11:22:55 IST" duration-ms="21575" status="PASS">
          <reporter-output>
          </reporter-output>
        </test-method> <!-- login -->
        <test-method signature="signoff()[pri:0, instance:eagle.guru@316bcf94]" started-at="2023-03-20T11:22:55 IST" name="signoff" finished-at="2023-03-20T11:22:58 IST" duration-ms="3113" status="PASS">
          <reporter-output>
          </reporter-output>
        </test-method> <!-- signoff -->
        <test-method is-config="true" signature="at()[pri:0, instance:eagle.guru@316bcf94]" started-at="2023-03-20T11:22:58 IST" name="at" finished-at="2023-03-20T11:22:58 IST" duration-ms="192" status="PASS">
          <reporter-output>
          </reporter-output>
        </test-method> <!-- at -->
      </class> <!-- eagle.guru -->
    </test> <!-- Default test -->
  </suite> <!-- Default suite -->
</testng-results>
